2018-05-18 22:06:43,682:INFO: Creating the datasets...
2018-05-18 22:06:43,736:INFO: - done.
2018-05-18 22:06:43,736:INFO: Creating the model...
2018-05-18 22:06:46,654:INFO: - done.
2018-05-18 22:06:46,654:INFO: Starting training for 50 epoch(s)
2018-05-18 22:06:47,729:INFO: Epoch 1/50
2018-05-18 22:06:51,118:INFO: - Train metrics: correlation: 0.467 ; loss: 135.897
2018-05-18 22:06:51,830:INFO: - Eval metrics: correlation: 0.574 ; loss: 96.094
2018-05-18 22:06:51,918:INFO: - Found new best accuracy, saving in experiments/base_model/best_weights/after-epoch-1
2018-05-18 22:06:51,919:INFO: Epoch 2/50
2018-05-18 22:06:54,859:INFO: - Train metrics: correlation: 0.589 ; loss: 83.329
2018-05-18 22:06:55,432:INFO: - Eval metrics: correlation: 0.660 ; loss: 66.570
2018-05-18 22:06:55,506:INFO: - Found new best accuracy, saving in experiments/base_model/best_weights/after-epoch-2
2018-05-18 22:06:55,506:INFO: Epoch 3/50
2018-05-18 22:06:58,434:INFO: - Train metrics: correlation: 0.664 ; loss: 59.955
2018-05-18 22:06:59,000:INFO: - Eval metrics: correlation: 0.723 ; loss: 49.687
2018-05-18 22:06:59,078:INFO: - Found new best accuracy, saving in experiments/base_model/best_weights/after-epoch-3
2018-05-18 22:06:59,078:INFO: Epoch 4/50
2018-05-18 22:07:01,970:INFO: - Train metrics: correlation: 0.727 ; loss: 45.483
2018-05-18 22:07:02,533:INFO: - Eval metrics: correlation: 0.772 ; loss: 38.895
2018-05-18 22:07:02,610:INFO: - Found new best accuracy, saving in experiments/base_model/best_weights/after-epoch-4
2018-05-18 22:07:02,610:INFO: Epoch 5/50
2018-05-18 22:07:05,561:INFO: - Train metrics: correlation: 0.776 ; loss: 36.204
2018-05-18 22:07:06,128:INFO: - Eval metrics: correlation: 0.809 ; loss: 31.922
2018-05-18 22:07:06,203:INFO: - Found new best accuracy, saving in experiments/base_model/best_weights/after-epoch-5
2018-05-18 22:07:06,203:INFO: Epoch 6/50
2018-05-18 22:07:09,163:INFO: - Train metrics: correlation: 0.811 ; loss: 30.285
2018-05-18 22:07:09,799:INFO: - Eval metrics: correlation: 0.835 ; loss: 27.416
2018-05-18 22:07:09,878:INFO: - Found new best accuracy, saving in experiments/base_model/best_weights/after-epoch-6
2018-05-18 22:07:09,879:INFO: Epoch 7/50
2018-05-18 22:07:12,879:INFO: - Train metrics: correlation: 0.835 ; loss: 26.543
2018-05-18 22:07:13,458:INFO: - Eval metrics: correlation: 0.852 ; loss: 24.529
2018-05-18 22:07:13,533:INFO: - Found new best accuracy, saving in experiments/base_model/best_weights/after-epoch-7
2018-05-18 22:07:13,534:INFO: Epoch 8/50
2018-05-18 22:07:16,496:INFO: - Train metrics: correlation: 0.850 ; loss: 24.202
2018-05-18 22:07:17,075:INFO: - Eval metrics: correlation: 0.863 ; loss: 22.706
2018-05-18 22:07:17,149:INFO: - Found new best accuracy, saving in experiments/base_model/best_weights/after-epoch-8
2018-05-18 22:07:17,150:INFO: Epoch 9/50
2018-05-18 22:07:20,060:INFO: - Train metrics: correlation: 0.860 ; loss: 22.749
2018-05-18 22:07:20,640:INFO: - Eval metrics: correlation: 0.870 ; loss: 21.569
2018-05-18 22:07:20,716:INFO: - Found new best accuracy, saving in experiments/base_model/best_weights/after-epoch-9
2018-05-18 22:07:20,716:INFO: Epoch 10/50
2018-05-18 22:07:23,624:INFO: - Train metrics: correlation: 0.866 ; loss: 21.853
2018-05-18 22:07:24,202:INFO: - Eval metrics: correlation: 0.874 ; loss: 20.864
2018-05-18 22:07:24,275:INFO: - Found new best accuracy, saving in experiments/base_model/best_weights/after-epoch-10
2018-05-18 22:07:24,275:INFO: Epoch 11/50
2018-05-18 22:07:27,208:INFO: - Train metrics: correlation: 0.870 ; loss: 21.300
2018-05-18 22:07:27,773:INFO: - Eval metrics: correlation: 0.876 ; loss: 20.427
2018-05-18 22:07:27,846:INFO: - Found new best accuracy, saving in experiments/base_model/best_weights/after-epoch-11
2018-05-18 22:07:27,847:INFO: Epoch 12/50
2018-05-18 22:07:30,781:INFO: - Train metrics: correlation: 0.872 ; loss: 20.956
2018-05-18 22:07:31,350:INFO: - Eval metrics: correlation: 0.878 ; loss: 20.153
2018-05-18 22:07:31,423:INFO: - Found new best accuracy, saving in experiments/base_model/best_weights/after-epoch-12
2018-05-18 22:07:31,423:INFO: Epoch 13/50
2018-05-18 22:07:34,421:INFO: - Train metrics: correlation: 0.874 ; loss: 20.737
2018-05-18 22:07:34,994:INFO: - Eval metrics: correlation: 0.879 ; loss: 19.978
2018-05-18 22:07:35,068:INFO: - Found new best accuracy, saving in experiments/base_model/best_weights/after-epoch-13
2018-05-18 22:07:35,069:INFO: Epoch 14/50
2018-05-18 22:07:37,984:INFO: - Train metrics: correlation: 0.874 ; loss: 20.596
2018-05-18 22:07:38,561:INFO: - Eval metrics: correlation: 0.879 ; loss: 19.865
2018-05-18 22:07:38,635:INFO: - Found new best accuracy, saving in experiments/base_model/best_weights/after-epoch-14
2018-05-18 22:07:38,635:INFO: Epoch 15/50
2018-05-18 22:07:41,552:INFO: - Train metrics: correlation: 0.875 ; loss: 20.501
2018-05-18 22:07:42,119:INFO: - Eval metrics: correlation: 0.880 ; loss: 19.788
2018-05-18 22:07:42,192:INFO: - Found new best accuracy, saving in experiments/base_model/best_weights/after-epoch-15
2018-05-18 22:07:42,193:INFO: Epoch 16/50
2018-05-18 22:07:45,172:INFO: - Train metrics: correlation: 0.875 ; loss: 20.436
2018-05-18 22:07:45,741:INFO: - Eval metrics: correlation: 0.880 ; loss: 19.735
2018-05-18 22:07:45,814:INFO: - Found new best accuracy, saving in experiments/base_model/best_weights/after-epoch-16
2018-05-18 22:07:45,814:INFO: Epoch 17/50
2018-05-18 22:07:48,715:INFO: - Train metrics: correlation: 0.876 ; loss: 20.389
2018-05-18 22:07:49,285:INFO: - Eval metrics: correlation: 0.880 ; loss: 19.698
2018-05-18 22:07:49,358:INFO: - Found new best accuracy, saving in experiments/base_model/best_weights/after-epoch-17
2018-05-18 22:07:49,359:INFO: Epoch 18/50
2018-05-18 22:07:52,306:INFO: - Train metrics: correlation: 0.876 ; loss: 20.354
2018-05-18 22:07:52,882:INFO: - Eval metrics: correlation: 0.880 ; loss: 19.670
2018-05-18 22:07:52,958:INFO: - Found new best accuracy, saving in experiments/base_model/best_weights/after-epoch-18
2018-05-18 22:07:52,958:INFO: Epoch 19/50
2018-05-18 22:07:55,831:INFO: - Train metrics: correlation: 0.876 ; loss: 20.328
2018-05-18 22:07:56,415:INFO: - Eval metrics: correlation: 0.880 ; loss: 19.648
2018-05-18 22:07:56,488:INFO: - Found new best accuracy, saving in experiments/base_model/best_weights/after-epoch-19
2018-05-18 22:07:56,489:INFO: Epoch 20/50
2018-05-18 22:07:59,400:INFO: - Train metrics: correlation: 0.876 ; loss: 20.307
2018-05-18 22:07:59,962:INFO: - Eval metrics: correlation: 0.880 ; loss: 19.631
2018-05-18 22:08:00,035:INFO: - Found new best accuracy, saving in experiments/base_model/best_weights/after-epoch-20
2018-05-18 22:08:00,036:INFO: Epoch 21/50
2018-05-18 22:08:03,006:INFO: - Train metrics: correlation: 0.876 ; loss: 20.290
2018-05-18 22:08:03,571:INFO: - Eval metrics: correlation: 0.881 ; loss: 19.618
2018-05-18 22:08:03,649:INFO: - Found new best accuracy, saving in experiments/base_model/best_weights/after-epoch-21
2018-05-18 22:08:03,649:INFO: Epoch 22/50
2018-05-18 22:08:06,595:INFO: - Train metrics: correlation: 0.876 ; loss: 20.277
2018-05-18 22:08:07,168:INFO: - Eval metrics: correlation: 0.881 ; loss: 19.606
2018-05-18 22:08:07,241:INFO: - Found new best accuracy, saving in experiments/base_model/best_weights/after-epoch-22
2018-05-18 22:08:07,241:INFO: Epoch 23/50
2018-05-18 22:08:10,216:INFO: - Train metrics: correlation: 0.877 ; loss: 20.265
2018-05-18 22:08:10,795:INFO: - Eval metrics: correlation: 0.881 ; loss: 19.596
2018-05-18 22:08:10,869:INFO: - Found new best accuracy, saving in experiments/base_model/best_weights/after-epoch-23
2018-05-18 22:08:10,869:INFO: Epoch 24/50
2018-05-18 22:08:13,819:INFO: - Train metrics: correlation: 0.877 ; loss: 20.255
2018-05-18 22:08:14,396:INFO: - Eval metrics: correlation: 0.881 ; loss: 19.588
2018-05-18 22:08:14,470:INFO: - Found new best accuracy, saving in experiments/base_model/best_weights/after-epoch-24
2018-05-18 22:08:14,471:INFO: Epoch 25/50
2018-05-18 22:08:17,372:INFO: - Train metrics: correlation: 0.877 ; loss: 20.247
2018-05-18 22:08:17,945:INFO: - Eval metrics: correlation: 0.881 ; loss: 19.580
2018-05-18 22:08:18,021:INFO: - Found new best accuracy, saving in experiments/base_model/best_weights/after-epoch-25
2018-05-18 22:08:18,022:INFO: Epoch 26/50
2018-05-18 22:08:20,942:INFO: - Train metrics: correlation: 0.877 ; loss: 20.240
2018-05-18 22:08:21,514:INFO: - Eval metrics: correlation: 0.881 ; loss: 19.574
2018-05-18 22:08:21,592:INFO: - Found new best accuracy, saving in experiments/base_model/best_weights/after-epoch-26
2018-05-18 22:08:21,592:INFO: Epoch 27/50
2018-05-18 22:08:24,507:INFO: - Train metrics: correlation: 0.877 ; loss: 20.233
2018-05-18 22:08:25,080:INFO: - Eval metrics: correlation: 0.881 ; loss: 19.567
2018-05-18 22:08:25,157:INFO: - Found new best accuracy, saving in experiments/base_model/best_weights/after-epoch-27
2018-05-18 22:08:25,157:INFO: Epoch 28/50
2018-05-18 22:08:28,109:INFO: - Train metrics: correlation: 0.877 ; loss: 20.227
2018-05-18 22:08:28,683:INFO: - Eval metrics: correlation: 0.881 ; loss: 19.562
2018-05-18 22:08:28,756:INFO: - Found new best accuracy, saving in experiments/base_model/best_weights/after-epoch-28
2018-05-18 22:08:28,757:INFO: Epoch 29/50
2018-05-18 22:08:31,647:INFO: - Train metrics: correlation: 0.877 ; loss: 20.222
2018-05-18 22:08:32,217:INFO: - Eval metrics: correlation: 0.881 ; loss: 19.557
2018-05-18 22:08:32,290:INFO: - Found new best accuracy, saving in experiments/base_model/best_weights/after-epoch-29
2018-05-18 22:08:32,290:INFO: Epoch 30/50
2018-05-18 22:08:35,202:INFO: - Train metrics: correlation: 0.877 ; loss: 20.217
2018-05-18 22:08:35,771:INFO: - Eval metrics: correlation: 0.881 ; loss: 19.552
2018-05-18 22:08:35,845:INFO: - Found new best accuracy, saving in experiments/base_model/best_weights/after-epoch-30
2018-05-18 22:08:35,845:INFO: Epoch 31/50
2018-05-18 22:08:38,702:INFO: - Train metrics: correlation: 0.877 ; loss: 20.213
2018-05-18 22:08:39,270:INFO: - Eval metrics: correlation: 0.881 ; loss: 19.547
2018-05-18 22:08:39,346:INFO: - Found new best accuracy, saving in experiments/base_model/best_weights/after-epoch-31
2018-05-18 22:08:39,346:INFO: Epoch 32/50
2018-05-18 22:08:42,245:INFO: - Train metrics: correlation: 0.877 ; loss: 20.209
2018-05-18 22:08:42,815:INFO: - Eval metrics: correlation: 0.881 ; loss: 19.543
2018-05-18 22:08:42,889:INFO: - Found new best accuracy, saving in experiments/base_model/best_weights/after-epoch-32
2018-05-18 22:08:42,889:INFO: Epoch 33/50
2018-05-18 22:08:45,733:INFO: - Train metrics: correlation: 0.877 ; loss: 20.205
2018-05-18 22:08:46,302:INFO: - Eval metrics: correlation: 0.881 ; loss: 19.539
2018-05-18 22:08:46,415:INFO: - Found new best accuracy, saving in experiments/base_model/best_weights/after-epoch-33
2018-05-18 22:08:46,416:INFO: Epoch 34/50
2018-05-18 22:08:49,296:INFO: - Train metrics: correlation: 0.877 ; loss: 20.202
2018-05-18 22:08:49,861:INFO: - Eval metrics: correlation: 0.881 ; loss: 19.536
2018-05-18 22:08:49,934:INFO: - Found new best accuracy, saving in experiments/base_model/best_weights/after-epoch-34
2018-05-18 22:08:49,934:INFO: Epoch 35/50
2018-05-18 22:08:52,832:INFO: - Train metrics: correlation: 0.877 ; loss: 20.199
2018-05-18 22:08:53,404:INFO: - Eval metrics: correlation: 0.881 ; loss: 19.532
2018-05-18 22:08:53,477:INFO: - Found new best accuracy, saving in experiments/base_model/best_weights/after-epoch-35
2018-05-18 22:08:53,477:INFO: Epoch 36/50
2018-05-18 22:08:56,418:INFO: - Train metrics: correlation: 0.877 ; loss: 20.196
2018-05-18 22:08:56,992:INFO: - Eval metrics: correlation: 0.881 ; loss: 19.529
2018-05-18 22:08:57,067:INFO: - Found new best accuracy, saving in experiments/base_model/best_weights/after-epoch-36
2018-05-18 22:08:57,068:INFO: Epoch 37/50
2018-05-18 22:09:00,003:INFO: - Train metrics: correlation: 0.877 ; loss: 20.194
2018-05-18 22:09:00,567:INFO: - Eval metrics: correlation: 0.881 ; loss: 19.526
2018-05-18 22:09:00,645:INFO: - Found new best accuracy, saving in experiments/base_model/best_weights/after-epoch-37
2018-05-18 22:09:00,646:INFO: Epoch 38/50
2018-05-18 22:09:03,629:INFO: - Train metrics: correlation: 0.877 ; loss: 20.191
2018-05-18 22:09:04,207:INFO: - Eval metrics: correlation: 0.881 ; loss: 19.523
2018-05-18 22:09:04,281:INFO: - Found new best accuracy, saving in experiments/base_model/best_weights/after-epoch-38
2018-05-18 22:09:04,281:INFO: Epoch 39/50
2018-05-18 22:09:07,156:INFO: - Train metrics: correlation: 0.877 ; loss: 20.189
2018-05-18 22:09:07,721:INFO: - Eval metrics: correlation: 0.881 ; loss: 19.520
2018-05-18 22:09:07,794:INFO: - Found new best accuracy, saving in experiments/base_model/best_weights/after-epoch-39
2018-05-18 22:09:07,795:INFO: Epoch 40/50
2018-05-18 22:09:10,696:INFO: - Train metrics: correlation: 0.877 ; loss: 20.187
2018-05-18 22:09:11,265:INFO: - Eval metrics: correlation: 0.881 ; loss: 19.518
2018-05-18 22:09:11,339:INFO: - Found new best accuracy, saving in experiments/base_model/best_weights/after-epoch-40
2018-05-18 22:09:11,339:INFO: Epoch 41/50
2018-05-18 22:09:14,306:INFO: - Train metrics: correlation: 0.877 ; loss: 20.185
2018-05-18 22:09:14,872:INFO: - Eval metrics: correlation: 0.881 ; loss: 19.515
2018-05-18 22:09:14,945:INFO: - Found new best accuracy, saving in experiments/base_model/best_weights/after-epoch-41
2018-05-18 22:09:14,945:INFO: Epoch 42/50
2018-05-18 22:09:17,851:INFO: - Train metrics: correlation: 0.877 ; loss: 20.183
2018-05-18 22:09:18,441:INFO: - Eval metrics: correlation: 0.881 ; loss: 19.513
2018-05-18 22:09:18,514:INFO: - Found new best accuracy, saving in experiments/base_model/best_weights/after-epoch-42
2018-05-18 22:09:18,515:INFO: Epoch 43/50
2018-05-18 22:09:21,408:INFO: - Train metrics: correlation: 0.877 ; loss: 20.182
2018-05-18 22:09:21,980:INFO: - Eval metrics: correlation: 0.881 ; loss: 19.511
2018-05-18 22:09:22,054:INFO: - Found new best accuracy, saving in experiments/base_model/best_weights/after-epoch-43
2018-05-18 22:09:22,054:INFO: Epoch 44/50
2018-05-18 22:09:24,930:INFO: - Train metrics: correlation: 0.877 ; loss: 20.180
2018-05-18 22:09:25,501:INFO: - Eval metrics: correlation: 0.881 ; loss: 19.509
2018-05-18 22:09:25,575:INFO: - Found new best accuracy, saving in experiments/base_model/best_weights/after-epoch-44
2018-05-18 22:09:25,576:INFO: Epoch 45/50
2018-05-18 22:09:28,475:INFO: - Train metrics: correlation: 0.877 ; loss: 20.179
2018-05-18 22:09:29,046:INFO: - Eval metrics: correlation: 0.881 ; loss: 19.507
2018-05-18 22:09:29,119:INFO: - Found new best accuracy, saving in experiments/base_model/best_weights/after-epoch-45
2018-05-18 22:09:29,120:INFO: Epoch 46/50
2018-05-18 22:09:32,053:INFO: - Train metrics: correlation: 0.877 ; loss: 20.177
2018-05-18 22:09:32,632:INFO: - Eval metrics: correlation: 0.881 ; loss: 19.505
2018-05-18 22:09:32,706:INFO: - Found new best accuracy, saving in experiments/base_model/best_weights/after-epoch-46
2018-05-18 22:09:32,706:INFO: Epoch 47/50
2018-05-18 22:09:35,629:INFO: - Train metrics: correlation: 0.877 ; loss: 20.176
2018-05-18 22:09:36,210:INFO: - Eval metrics: correlation: 0.881 ; loss: 19.503
2018-05-18 22:09:36,283:INFO: - Found new best accuracy, saving in experiments/base_model/best_weights/after-epoch-47
2018-05-18 22:09:36,284:INFO: Epoch 48/50
2018-05-18 22:09:39,240:INFO: - Train metrics: correlation: 0.877 ; loss: 20.175
2018-05-18 22:09:39,814:INFO: - Eval metrics: correlation: 0.881 ; loss: 19.502
2018-05-18 22:09:39,887:INFO: - Found new best accuracy, saving in experiments/base_model/best_weights/after-epoch-48
2018-05-18 22:09:39,888:INFO: Epoch 49/50
2018-05-18 22:09:42,759:INFO: - Train metrics: correlation: 0.877 ; loss: 20.174
2018-05-18 22:09:43,334:INFO: - Eval metrics: correlation: 0.881 ; loss: 19.500
2018-05-18 22:09:43,409:INFO: - Found new best accuracy, saving in experiments/base_model/best_weights/after-epoch-49
2018-05-18 22:09:43,409:INFO: Epoch 50/50
2018-05-18 22:09:46,300:INFO: - Train metrics: correlation: 0.877 ; loss: 20.173
2018-05-18 22:09:46,880:INFO: - Eval metrics: correlation: 0.881 ; loss: 19.499
2018-05-18 22:09:46,954:INFO: - Found new best accuracy, saving in experiments/base_model/best_weights/after-epoch-50
